2024-10-22T07:12:21.419Z error: 
    Error Message: values is not defined
    Method: GET
    URL: /api/sauda_metadata?exch_cd=N&segment=C
    Query: {"exch_cd":"N","segment":"C"}
    Body: {}
    File: error-logger.js
    Line: 14
    Column: 25
    Function: logError
  
2024-10-22T07:12:23.747Z error: 
    Error Message: values is not defined
    Method: GET
    URL: /api/sauda_metadata?exch_cd=N&segment=C
    Query: {"exch_cd":"N","segment":"C"}
    Body: {}
    File: error-logger.js
    Line: 14
    Column: 25
    Function: logError
  
