2024-08-24T08:06:22.655Z error: 
    Error Message: Cannot set headers after they are sent to the client
    Method: POST
    URL: /api/process-trade-file?selectedRadioOpt=CSV&TradeDate=2024-06-03&TradeFileName=Trade_NCL_CM_0_CM_10245_20240603_F_0000_CSV.csv
    Query: {"selectedRadioOpt":"CSV","TradeDate":"2024-06-03","TradeFileName":"Trade_NCL_CM_0_CM_10245_20240603_F_0000_CSV.csv"}
    Body: {}
    File: error-logger.js
    Line: 14
    Column: 25
    Function: logError
  
2024-08-24T09:55:32.274Z error: 
    Error Message: column reference "branch_cd" is ambiguous
    Method: GET
    URL: /api/sauda_book?branchcd=1&SetleNo=2024103
    Query: {"branchcd":"1","SetleNo":"2024103"}
    Body: {}
    File: error-logger.js
    Line: 14
    Column: 25
    Function: logError
  
2024-08-24T09:55:38.393Z error: 
    Error Message: column reference "branch_cd" is ambiguous
    Method: GET
    URL: /api/sauda_book?branchcd=1&SetleNo=2024103
    Query: {"branchcd":"1","SetleNo":"2024103"}
    Body: {}
    File: error-logger.js
    Line: 14
    Column: 25
    Function: logError
  
2024-08-24T11:14:57.714Z error: 
    Error Message: column reference "branch_cd" is ambiguous
    Method: GET
    URL: /api/sauda_book?branchcd=1&SetleNo=2024103
    Query: {"branchcd":"1","SetleNo":"2024103"}
    Body: {}
    File: error-logger.js
    Line: 14
    Column: 25
    Function: logError
  
2024-08-24T11:14:59.431Z error: 
    Error Message: column reference "branch_cd" is ambiguous
    Method: GET
    URL: /api/sauda_book?branchcd=1&SetleNo=2024103
    Query: {"branchcd":"1","SetleNo":"2024103"}
    Body: {}
    File: error-logger.js
    Line: 14
    Column: 25
    Function: logError
  
2024-08-24T11:18:53.148Z error: 
    Error Message: column reference "branch_cd" is ambiguous
    Method: GET
    URL: /api/sauda_book?branchcd=1&SetleNo=2024103
    Query: {"branchcd":"1","SetleNo":"2024103"}
    Body: {}
    File: error-logger.js
    Line: 14
    Column: 25
    Function: logError
  
2024-08-24T11:18:57.579Z error: 
    Error Message: column reference "branch_cd" is ambiguous
    Method: GET
    URL: /api/sauda_book?branchcd=1&SetleNo=2024103
    Query: {"branchcd":"1","SetleNo":"2024103"}
    Body: {}
    File: error-logger.js
    Line: 14
    Column: 25
    Function: logError
  
2024-08-24T11:23:29.390Z error: 
    Error Message: column reference "branch_cd" is ambiguous
    Method: GET
    URL: /api/sauda_book?branchcd=1&SetleNo=2024103
    Query: {"branchcd":"1","SetleNo":"2024103"}
    Body: {}
    File: error-logger.js
    Line: 14
    Column: 25
    Function: logError
  
