2024-12-06T06:32:11.544Z error: 
    Error Message: Cannot set headers after they are sent to the client
    Method: POST
    URL: /api/process-trade-file?selectedRadioOpt=FTP&TradeDate=2024-09-09&TradeFileName=Trade_NSE_CM_0_TM_10245_20240909_F_0000.csv
    Query: {"selectedRadioOpt":"FTP","TradeDate":"2024-09-09","TradeFileName":"Trade_NSE_CM_0_TM_10245_20240909_F_0000.csv"}
    Body: {}
    File: error-logger.js
    Line: 14
    Column: 25
    Function: logError
  
2024-12-06T06:40:11.061Z error: 
    Error Message: Cannot set headers after they are sent to the client
    Method: POST
    URL: /api/process-trade-file?selectedRadioOpt=FTP&TradeDate=2024-09-09&TradeFileName=Trade_NSE_CM_0_TM_10245_20240909_F_0000.csv
    Query: {"selectedRadioOpt":"FTP","TradeDate":"2024-09-09","TradeFileName":"Trade_NSE_CM_0_TM_10245_20240909_F_0000.csv"}
    Body: {}
    File: error-logger.js
    Line: 14
    Column: 25
    Function: logError
  
